{
  "RSpec": {
    "coverage": {
      "/mnt/c/Users/harry/projects/process-review-2/spec/app_spec.rb": {
        "lines": [
          1,
          null,
          1,
          1,
          1,
          null,
          null,
          1,
          1,
          null,
          null
        ]
      },
      "/mnt/c/Users/harry/projects/process-review-2/lib/app.rb": {
        "lines": [
          1,
          1,
          2,
          null,
          null
        ]
      }
    },
    "timestamp": 1582885530
  }
}
